<?xml version="1.0" encoding="UTF-8"?>
<testng-results skipped="0" failed="0" ignored="0" total="1" passed="1">
  <reporter-output>
  </reporter-output>
  <suite name="Default suite" duration-ms="17889" started-at="2019-01-24T13:15:30Z" finished-at="2019-01-24T13:15:48Z">
    <groups>
    </groups>
    <test name="Default test" duration-ms="17889" started-at="2019-01-24T13:15:30Z" finished-at="2019-01-24T13:15:48Z">
      <class name="com.training.sanity.tests.LoanInfo">
        <test-method status="PASS" signature="setUpBeforeClass()[pri:0, instance:com.training.sanity.tests.LoanInfo@3bfdc050]" name="setUpBeforeClass" is-config="true" duration-ms="21" started-at="2019-01-24T13:15:30Z" finished-at="2019-01-24T13:15:30Z">
          <reporter-output>
          </reporter-output>
        </test-method> <!-- setUpBeforeClass -->
        <test-method status="PASS" signature="setUp()[pri:0, instance:com.training.sanity.tests.LoanInfo@3bfdc050]" name="setUp" is-config="true" duration-ms="5222" started-at="2019-01-24T13:15:30Z" finished-at="2019-01-24T13:15:35Z">
          <reporter-output>
          </reporter-output>
        </test-method> <!-- setUp -->
        <test-method status="PASS" signature="validLoanInfo()[pri:0, instance:com.training.sanity.tests.LoanInfo@3bfdc050]" name="validLoanInfo" duration-ms="6830" started-at="2019-01-24T13:15:35Z" finished-at="2019-01-24T13:15:42Z">
          <reporter-output>
          </reporter-output>
        </test-method> <!-- validLoanInfo -->
        <test-method status="PASS" signature="tearDown()[pri:0, instance:com.training.sanity.tests.LoanInfo@3bfdc050]" name="tearDown" is-config="true" duration-ms="5781" started-at="2019-01-24T13:15:42Z" finished-at="2019-01-24T13:15:48Z">
          <reporter-output>
          </reporter-output>
        </test-method> <!-- tearDown -->
      </class> <!-- com.training.sanity.tests.LoanInfo -->
    </test> <!-- Default test -->
  </suite> <!-- Default suite -->
</testng-results>
