<?xml version="1.0" encoding="UTF-8"?>
<!-- Generated by org.testng.reporters.JUnitXMLReporter -->
<testsuite hostname="DESKTOP-AO51KEB" ignored="0" name="Default test" tests="3" failures="0" timestamp="07 Feb 2019 14:49:36 GMT" time="42.619" errors="0">
  <testcase name="validMessagesTest" time="2.932" classname="com.training.sanity.tests.MessagesTest"/>
  <testcase name="Exceldata" time="11.579" classname="com.training.sanity.tests.MessagesTest"/>
  <testcase name="Exceldata" time="11.757" classname="com.training.sanity.tests.MessagesTest"/>
</testsuite> <!-- Default test -->
